<?xml version="1.0" encoding="UTF-8"?>
<testng-results ignored="0" total="2" passed="2" failed="0" skipped="0">
  <reporter-output>
  </reporter-output>
  <suite started-at="2022-08-17T05:44:28 BST" name="Default suite" finished-at="2022-08-17T05:44:40 BST" duration-ms="12268">
    <groups>
    </groups>
    <test started-at="2022-08-17T05:44:28 BST" name="Default test" finished-at="2022-08-17T05:44:40 BST" duration-ms="12268">
      <class name="com.qa.fb.keyword.tests.LoginTest">
        <test-method signature="loginTest()[pri:0, instance:com.qa.fb.keyword.tests.LoginTest@3c22fc4c]" started-at="2022-08-17T05:44:28 BST" name="loginTest" finished-at="2022-08-17T05:44:28 BST" duration-ms="747" status="PASS">
          <reporter-output>
          </reporter-output>
        </test-method> <!-- loginTest -->
        <test-method signature="signUpTest()[pri:0, instance:com.qa.fb.keyword.tests.LoginTest@3c22fc4c]" started-at="2022-08-17T05:44:28 BST" name="signUpTest" finished-at="2022-08-17T05:44:40 BST" duration-ms="11465" status="PASS">
          <reporter-output>
          </reporter-output>
        </test-method> <!-- signUpTest -->
      </class> <!-- com.qa.fb.keyword.tests.LoginTest -->
    </test> <!-- Default test -->
  </suite> <!-- Default suite -->
</testng-results>
